  map.cpp
C:\Users\mtst2\source\repos\Gretiks\projekt-sem2\Pacman1vs1\Pacman1vs1\headers.h(30,6): error C2182: 'read_map': this use of 'void' is not valid
  (compiling source file 'map.cpp')
  
C:\Users\mtst2\source\repos\Gretiks\projekt-sem2\Pacman1vs1\Pacman1vs1\headers.h(30,15): error C2065: 'string': undeclared identifier
  (compiling source file 'map.cpp')
  
C:\Users\mtst2\source\repos\Gretiks\projekt-sem2\Pacman1vs1\Pacman1vs1\headers.h(30,22): error C2146: syntax error: missing ')' before identifier 'name'
  (compiling source file 'map.cpp')
  
E:\VisualStudio\VC\Tools\MSVC\14.38.33130\include\__msvc_filebuf.hpp(27,1): error C2143: syntax error: missing ';' before '{'
  (compiling source file 'map.cpp')
  
E:\VisualStudio\VC\Tools\MSVC\14.38.33130\include\__msvc_filebuf.hpp(27,1): error C2447: '{': missing function header (old-style formal list?)
  (compiling source file 'map.cpp')
  
E:\VisualStudio\VC\Tools\MSVC\14.38.33130\include\fstream(57,38): error C2065: '_Is_any_path': undeclared identifier
  (compiling source file 'map.cpp')
  E:\VisualStudio\VC\Tools\MSVC\14.38.33130\include\fstream(57,38):
  the template instantiation context (the oldest one first) is
  	E:\VisualStudio\VC\Tools\MSVC\14.38.33130\include\fstream(199,2):
  	see reference to class template instantiation 'std::basic_ifstream<_Elem,_Traits>' being compiled
  
E:\VisualStudio\VC\Tools\MSVC\14.38.33130\include\fstream(57,62): error C2988: unrecognizable template declaration/definition
  (compiling source file 'map.cpp')
  
E:\VisualStudio\VC\Tools\MSVC\14.38.33130\include\fstream(57,62): error C2059: syntax error: '='
  (compiling source file 'map.cpp')
  
E:\VisualStudio\VC\Tools\MSVC\14.38.33130\include\fstream(60,9): error C2334: unexpected token(s) preceding ':'; skipping apparent function body
  (compiling source file 'map.cpp')
  
E:\VisualStudio\VC\Tools\MSVC\14.38.33130\include\fstream(199,1): error C1903: unable to recover from previous error(s); stopping compilation
  (compiling source file 'map.cpp')
  
  main.cpp
C:\Users\mtst2\source\repos\Gretiks\projekt-sem2\Pacman1vs1\Pacman1vs1\headers.h(30,6): error C2182: 'read_map': this use of 'void' is not valid
  (compiling source file 'main.cpp')
  
C:\Users\mtst2\source\repos\Gretiks\projekt-sem2\Pacman1vs1\Pacman1vs1\headers.h(30,15): error C2065: 'string': undeclared identifier
  (compiling source file 'main.cpp')
  
C:\Users\mtst2\source\repos\Gretiks\projekt-sem2\Pacman1vs1\Pacman1vs1\headers.h(30,22): error C2146: syntax error: missing ')' before identifier 'name'
  (compiling source file 'main.cpp')
  
E:\VisualStudio\VC\Tools\MSVC\14.38.33130\include\__msvc_filebuf.hpp(27,1): error C2143: syntax error: missing ';' before '{'
  (compiling source file 'main.cpp')
  
E:\VisualStudio\VC\Tools\MSVC\14.38.33130\include\__msvc_filebuf.hpp(27,1): error C2447: '{': missing function header (old-style formal list?)
  (compiling source file 'main.cpp')
  
E:\VisualStudio\VC\Tools\MSVC\14.38.33130\include\fstream(57,38): error C2065: '_Is_any_path': undeclared identifier
  (compiling source file 'main.cpp')
  E:\VisualStudio\VC\Tools\MSVC\14.38.33130\include\fstream(57,38):
  the template instantiation context (the oldest one first) is
  	E:\VisualStudio\VC\Tools\MSVC\14.38.33130\include\fstream(199,2):
  	see reference to class template instantiation 'std::basic_ifstream<_Elem,_Traits>' being compiled
  
E:\VisualStudio\VC\Tools\MSVC\14.38.33130\include\fstream(57,62): error C2988: unrecognizable template declaration/definition
  (compiling source file 'main.cpp')
  
E:\VisualStudio\VC\Tools\MSVC\14.38.33130\include\fstream(57,62): error C2059: syntax error: '='
  (compiling source file 'main.cpp')
  
E:\VisualStudio\VC\Tools\MSVC\14.38.33130\include\fstream(60,9): error C2334: unexpected token(s) preceding ':'; skipping apparent function body
  (compiling source file 'main.cpp')
  
E:\VisualStudio\VC\Tools\MSVC\14.38.33130\include\fstream(199,1): error C1903: unable to recover from previous error(s); stopping compilation
  (compiling source file 'main.cpp')
  
  Players.cpp
C:\Users\mtst2\source\repos\Gretiks\projekt-sem2\Pacman1vs1\Pacman1vs1\headers.h(30,6): error C2182: 'read_map': this use of 'void' is not valid
  (compiling source file 'Players.cpp')
  
C:\Users\mtst2\source\repos\Gretiks\projekt-sem2\Pacman1vs1\Pacman1vs1\headers.h(30,15): error C2065: 'string': undeclared identifier
  (compiling source file 'Players.cpp')
  
C:\Users\mtst2\source\repos\Gretiks\projekt-sem2\Pacman1vs1\Pacman1vs1\headers.h(30,22): error C2146: syntax error: missing ')' before identifier 'name'
  (compiling source file 'Players.cpp')
  
C:\Users\mtst2\source\repos\Gretiks\projekt-sem2\Pacman1vs1\Pacman1vs1\Players.cpp(3,18): error C2143: syntax error: missing ';' before '{'
C:\Users\mtst2\source\repos\Gretiks\projekt-sem2\Pacman1vs1\Pacman1vs1\Players.cpp(3,18): error C2447: '{': missing function header (old-style formal list?)
  Generating Code...
